0 info it worked if it ends with ok
1 verbose cli [ 'node', '/usr/bin/npm', 'publish' ]
2 info using npm@3.5.0
3 info using node@v0.10.48
4 verbose node symlink /usr/bin/node
5 verbose publish [ '.' ]
6 silly cache add args [ '.', null ]
7 verbose cache add spec .
8 silly cache add parsed spec { raw: '.',
8 silly cache add   scope: null,
8 silly cache add   name: null,
8 silly cache add   rawSpec: '.',
8 silly cache add   spec: '/root/host/happy/workbench/glog',
8 silly cache add   type: 'directory' }
9 verbose addLocalDirectory /home/happy/.npm/glog/0.0.1/package.tgz not in flight; packing
10 info lifecycle glog@0.0.1~prepublish: glog@0.0.1
11 silly lifecycle glog@0.0.1~prepublish: no script for prepublish, continuing
12 verbose tar pack [ '/home/happy/.npm/glog/0.0.1/package.tgz',
12 verbose tar pack   '/root/host/happy/workbench/glog' ]
13 verbose tarball /home/happy/.npm/glog/0.0.1/package.tgz
14 verbose folder /root/host/happy/workbench/glog
15 verbose addLocalTarball adding from inside cache /home/happy/.npm/glog/0.0.1/package.tgz
16 silly cache afterAdd glog@0.0.1
17 verbose afterAdd /home/happy/.npm/glog/0.0.1/package/package.json not in flight; writing
18 verbose afterAdd /home/happy/.npm/glog/0.0.1/package/package.json written
19 silly publish { name: 'glog',
19 silly publish   version: '0.0.1',
19 silly publish   dependencies: { emailjs: '' },
19 silly publish   main: './glog.js',
19 silly publish   public: true,
19 silly publish   scripts: { test: 'mocha test/test.js -t 20000' },
19 silly publish   versions: { '1.0.0': 'init fully working' },
19 silly publish   gitHead: 'df891cd7e2feaa00de20fa7039603ec71d428669',
19 silly publish   readme: 'ERROR: No README data found!',
19 silly publish   _id: 'glog@0.0.1',
19 silly publish   _shasum: '498f6779c69870a8b87cb85787d35d62aaaae0fc',
19 silly publish   _from: '.' }
20 verbose getPublishConfig undefined
21 silly mapToRegistry name glog
22 silly mapToRegistry using default registry
23 silly mapToRegistry registry https://registry.npmjs.org/
24 silly mapToRegistry uri https://registry.npmjs.org/glog
25 verbose publish registryBase https://registry.npmjs.org/
26 silly publish uploading /home/happy/.npm/glog/0.0.1/package.tgz
27 verbose request uri https://registry.npmjs.org/glog
28 verbose request sending authorization for write operation
29 info attempt registry request try #1 at 19:56:43
30 verbose request using bearer token for auth
31 verbose request id fdf2671d3b4b48ac
32 http request PUT https://registry.npmjs.org/glog
33 http 403 https://registry.npmjs.org/glog
34 verbose headers { 'content-type': 'application/json',
34 verbose headers   'cache-control': 'max-age=300',
34 verbose headers   'content-length': '98',
34 verbose headers   'accept-ranges': 'bytes',
34 verbose headers   date: 'Tue, 14 Mar 2017 19:56:53 GMT',
34 verbose headers   via: '1.1 varnish',
34 verbose headers   connection: 'keep-alive',
34 verbose headers   'x-served-by': 'cache-jfk8135-JFK',
34 verbose headers   'x-cache': 'MISS',
34 verbose headers   'x-cache-hits': '0',
34 verbose headers   'x-timer': 'S1489521412.793955,VS0,VE256',
34 verbose headers   vary: 'Accept-Encoding' }
35 verbose request invalidating /home/happy/.npm/registry.npmjs.org/glog on PUT
36 error publish Failed PUT 403
37 verbose stack Error: you do not have permission to publish "glog". Are you logged in as the correct user? : glog
37 verbose stack     at makeError (/usr/lib/node_modules/npm/node_modules/npm-registry-client/lib/request.js:264:12)
37 verbose stack     at CachingRegistryClient.<anonymous> (/usr/lib/node_modules/npm/node_modules/npm-registry-client/lib/request.js:252:14)
37 verbose stack     at Request._callback (/usr/lib/node_modules/npm/node_modules/npm-registry-client/lib/request.js:172:14)
37 verbose stack     at Request.self.callback (/usr/lib/node_modules/npm/node_modules/request/request.js:198:22)
37 verbose stack     at Request.emit (events.js:98:17)
37 verbose stack     at Request.<anonymous> (/usr/lib/node_modules/npm/node_modules/request/request.js:1082:10)
37 verbose stack     at Request.emit (events.js:117:20)
37 verbose stack     at IncomingMessage.<anonymous> (/usr/lib/node_modules/npm/node_modules/request/request.js:1009:12)
37 verbose stack     at IncomingMessage.emit (events.js:117:20)
37 verbose stack     at _stream_readable.js:944:16
38 verbose statusCode 403
39 verbose pkgid glog
40 verbose cwd /root/host/happy/workbench/glog
41 error Linux 3.10.0-123.el7.x86_64
42 error argv "node" "/usr/bin/npm" "publish"
43 error node v0.10.48
44 error npm  v3.5.0
45 error code E403
46 error you do not have permission to publish "glog". Are you logged in as the correct user? : glog
47 error If you need help, you may report this error at:
47 error     <https://github.com/npm/npm/issues>
48 verbose exit [ 1, true ]
